{"/Users/alexanderpanov/caparis/src/components/text.tsx": {"path":"/Users/alexanderpanov/caparis/src/components/text.tsx","statementMap":{"0":{"start":{"line":1,"column":0},"end":{"line":1,"column":68}},"1":{"start":{"line":2,"column":0},"end":{"line":2,"column":89}},"2":{"start":{"line":6,"column":19},"end":{"line":6,"column":96}},"3":{"start":{"line":8,"column":4},"end":{"line":12,"column":6}},"4":{"start":{"line":4,"column":0},"end":{"line":4,"column":16}}},"fnMap":{"0":{"name":"Text","decl":{"start":{"line":4,"column":16},"end":{"line":4,"column":20}},"loc":{"start":{"line":4,"column":153},"end":{"line":13,"column":1}}}},"branchMap":{"0":{"loc":{"start":{"line":6,"column":63},"end":{"line":6,"column":83}},"type":"binary-expr","locations":[{"start":{"line":6,"column":63},"end":{"line":6,"column":68}},{"start":{"line":6,"column":72},"end":{"line":6,"column":83}}]}},"s":{"0":1,"1":1,"2":1,"3":1,"4":1},"f":{"0":1},"b":{"0":[1,1]}}
,"/Users/alexanderpanov/caparis/src/data-provider/models/product.ts": {"path":"/Users/alexanderpanov/caparis/src/data-provider/models/product.ts","statementMap":{"0":{"start":{"line":1,"column":0},"end":{"line":1,"column":59}},"1":{"start":{"line":2,"column":0},"end":{"line":2,"column":73}},"2":{"start":{"line":3,"column":0},"end":{"line":3,"column":28}},"3":{"start":{"line":4,"column":0},"end":{"line":4,"column":48}},"4":{"start":{"line":8,"column":20},"end":{"line":38,"column":null}},"5":{"start":{"line":16,"column":24},"end":{"line":16,"column":37}},"6":{"start":{"line":18,"column":8},"end":{"line":18,"column":46}},"7":{"start":{"line":20,"column":8},"end":{"line":20,"column":23}},"8":{"start":{"line":24,"column":8},"end":{"line":24,"column":38}},"9":{"start":{"line":28,"column":8},"end":{"line":28,"column":56}},"10":{"start":{"line":32,"column":28},"end":{"line":32,"column":58}},"11":{"start":{"line":34,"column":27},"end":{"line":34,"column":52}},"12":{"start":{"line":36,"column":8},"end":{"line":36,"column":40}},"13":{"start":{"line":8,"column":13},"end":{"line":38,"column":null}},"14":{"start":{"line":8,"column":13},"end":{"line":8,"column":20}},"15":{"start":{"line":42,"column":23},"end":{"line":42,"column":45}},"16":{"start":{"line":44,"column":34},"end":{"line":46,"column":5}},"17":{"start":{"line":45,"column":8},"end":{"line":45,"column":90}},"18":{"start":{"line":48,"column":26},"end":{"line":50,"column":5}},"19":{"start":{"line":49,"column":8},"end":{"line":49,"column":48}},"20":{"start":{"line":52,"column":4},"end":{"line":52,"column":50}},"21":{"start":{"line":41,"column":0},"end":{"line":41,"column":16}}},"fnMap":{"0":{"name":"(anonymous_1)","decl":{"start":{"line":15,"column":11},"end":{"line":15,"column":17}},"loc":{"start":{"line":15,"column":78},"end":{"line":21,"column":5}}},"1":{"name":"(anonymous_2)","decl":{"start":{"line":23,"column":4},"end":{"line":23,"column":15}},"loc":{"start":{"line":23,"column":29},"end":{"line":25,"column":5}}},"2":{"name":"(anonymous_3)","decl":{"start":{"line":27,"column":4},"end":{"line":27,"column":15}},"loc":{"start":{"line":27,"column":27},"end":{"line":29,"column":5}}},"3":{"name":"(anonymous_4)","decl":{"start":{"line":31,"column":12},"end":{"line":31,"column":45}},"loc":{"start":{"line":31,"column":45},"end":{"line":37,"column":5}}},"4":{"name":"useProductProvider","decl":{"start":{"line":41,"column":16},"end":{"line":41,"column":34}},"loc":{"start":{"line":41,"column":34},"end":{"line":53,"column":1}}},"5":{"name":"(anonymous_6)","decl":{"start":{"line":44,"column":34},"end":{"line":44,"column":35}},"loc":{"start":{"line":44,"column":83},"end":{"line":46,"column":5}}},"6":{"name":"(anonymous_7)","decl":{"start":{"line":48,"column":26},"end":{"line":48,"column":27}},"loc":{"start":{"line":48,"column":47},"end":{"line":50,"column":5}}}},"branchMap":{},"s":{"0":1,"1":1,"2":1,"3":1,"4":1,"5":3,"6":3,"7":3,"8":2,"9":3,"10":3,"11":3,"12":3,"13":1,"14":1,"15":0,"16":0,"17":0,"18":0,"19":0,"20":0,"21":1},"f":{"0":3,"1":2,"2":3,"3":3,"4":0,"5":0,"6":0},"b":{}}
,"/Users/alexanderpanov/caparis/src/data-provider/models/user-scoped.ts": {"path":"/Users/alexanderpanov/caparis/src/data-provider/models/user-scoped.ts","statementMap":{"0":{"start":{"line":1,"column":0},"end":{"line":1,"column":13}}},"fnMap":{},"branchMap":{},"s":{"0":1},"f":{},"b":{}}
,"/Users/alexanderpanov/caparis/src/infrastructure/mockable-repository.ts": {"path":"/Users/alexanderpanov/caparis/src/infrastructure/mockable-repository.ts","statementMap":{"0":{"start":{"line":1,"column":0},"end":{"line":1,"column":138}},"1":{"start":{"line":4,"column":4},"end":{"line":4,"column":62}},"2":{"start":{"line":3,"column":0},"end":{"line":3,"column":16}}},"fnMap":{"0":{"name":"getRepository","decl":{"start":{"line":3,"column":16},"end":{"line":3,"column":29}},"loc":{"start":{"line":3,"column":100},"end":{"line":5,"column":1}}}},"branchMap":{},"s":{"0":1,"1":0,"2":1},"f":{"0":0},"b":{}}
,"/Users/alexanderpanov/caparis/src/infrastructure/theme.tsx": {"path":"/Users/alexanderpanov/caparis/src/infrastructure/theme.tsx","statementMap":{"0":{"start":{"line":41,"column":13},"end":{"line":91,"column":2}}},"fnMap":{},"branchMap":{},"s":{"0":1},"f":{},"b":{}}
}
