TN:
SF:src/components/text.tsx
FN:4,Text
FNF:1
FNH:1
FNDA:1,Text
DA:1,1
DA:2,1
DA:4,1
DA:6,1
DA:8,1
LF:5
LH:5
BRDA:6,0,0,1
BRDA:6,0,1,1
BRF:2
BRH:2
end_of_record
TN:
SF:src/data-provider/models/product.ts
FN:15,(anonymous_1)
FN:23,(anonymous_2)
FN:27,(anonymous_3)
FN:31,(anonymous_4)
FN:41,useProductProvider
FN:44,(anonymous_6)
FN:48,(anonymous_7)
FNF:7
FNH:4
FNDA:3,(anonymous_1)
FNDA:2,(anonymous_2)
FNDA:3,(anonymous_3)
FNDA:3,(anonymous_4)
FNDA:0,useProductProvider
FNDA:0,(anonymous_6)
FNDA:0,(anonymous_7)
DA:1,1
DA:2,1
DA:3,1
DA:4,1
DA:8,1
DA:16,3
DA:18,3
DA:20,3
DA:24,2
DA:28,3
DA:32,3
DA:34,3
DA:36,3
DA:41,1
DA:42,0
DA:44,0
DA:45,0
DA:48,0
DA:49,0
DA:52,0
LF:20
LH:14
BRF:0
BRH:0
end_of_record
TN:
SF:src/data-provider/models/user-scoped.ts
FNF:0
FNH:0
DA:1,1
LF:1
LH:1
BRF:0
BRH:0
end_of_record
TN:
SF:src/infrastructure/mockable-repository.ts
FN:3,getRepository
FNF:1
FNH:0
FNDA:0,getRepository
DA:1,1
DA:3,1
DA:4,0
LF:3
LH:2
BRF:0
BRH:0
end_of_record
TN:
SF:src/infrastructure/theme.tsx
FNF:0
FNH:0
DA:41,1
LF:1
LH:1
BRF:0
BRH:0
end_of_record
